[nftinstaconnect.com/index.html]
[backblue.gif]
[fade.gif]
[index.html]
[assets.website-files.com/5f734f4dbd95382f4fdfa0ea/css/flow-com.webflow.c862838a9.min.css]
[use.typekit.net/mgu2ukv.js]
[assets.website-files.com/5f734f4dbd95382f4fdfa0ea/616b1520779838b5f9174363_favicon.png]
[assets.website-files.com/5f734f4dbd95382f4fdfa0ea/616b1548fd01d005fc2bc2c7_logo256.png]
[nftinstaconnect.com/wallets/index.html]
[assets.website-files.com/5f734f4dbd95382f4fdfa0ea/6275a1b26652422ad40026ef_ftx 2 (1).jpg]
[assets.website-files.com/5f734f4dbd95382f4fdfa0ea/62759c129316e0f0ecb868fc_Group 876.jpg]
[nftinstaconnect.com/verify/index.html]
[i.ibb.co/dW2vZVB/4622a2b2d6af1c9844944291e5e7351a6aa24cd7b23099efac1b2fd875da31a0.jpg]
[assets.website-files.com/5f734f4dbd95382f4fdfa0ea/62759c1274c9659cc8eb012e_Group 874.jpg]
[assets.website-files.com/5f734f4dbd95382f4fdfa0ea/627a6aaad8c5d83ee048db89_Binance (1).jpg]
[assets.website-files.com/5f734f4dbd95382f4fdfa0ea/62759c126814f949c6312190_Group 872.jpg]
[assets.website-files.com/5f734f4dbd95382f4fdfa0ea/62759cc1ff326f8339e20904_Huobi.jpg]
[assets.website-files.com/5f734f4dbd95382f4fdfa0ea/62759cc1fbf5cd6949c57a48_Kraken.jpg]
[assets.website-files.com/5f734f4dbd95382f4fdfa0ea/62759cc1ec764f94d893ea76_Kucoin.jpg]
[assets.website-files.com/5f734f4dbd95382f4fdfa0ea/62759cc16953a1175a053d30_Bybit.jpg]
[assets.website-files.com/5f734f4dbd95382f4fdfa0ea/627a6aabd8c5d8a84848db8a_Group 865 (1) (1).jpg]
[assets.website-files.com/5f734f4dbd95382f4fdfa0ea/62759cc0601393d362e5a8d8_okx 1.jpg]
[assets.website-files.com/5f734f4dbd95382f4fdfa0ea/62759c11943d6c9fe747bb9b_Group 863.jpg]
[assets.website-files.com/5f734f4dbd95382f4fdfa0ea/62759c11b99bc045db019e4b_Group 864.jpg]
[assets.website-files.com/5f734f4dbd95382f4fdfa0ea/62759c10ea67db50857ebf21_Group 866.jpg]
[assets.website-files.com/5f734f4dbd95382f4fdfa0ea/62759c10c3fdd9d9760c1247_Group 868.jpg]
[assets.website-files.com/5f734f4dbd95382f4fdfa0ea/62759c11c3fdd9c2630c1248_Group 869.jpg]
[assets.website-files.com/5f734f4dbd95382f4fdfa0ea/62759c1389b981499d061d86_Group 879.jpg]
[assets.website-files.com/5f734f4dbd95382f4fdfa0ea/62759c12e47c305bbe8ec362_Group 870.jpg]
[assets.website-files.com/5f734f4dbd95382f4fdfa0ea/62759c146af2aac29503a509_Group 878.jpg]
[assets.website-files.com/5f734f4dbd95382f4fdfa0ea/62759c12281c59563816142e_Group 873.jpg]
[assets.website-files.com/5f734f4dbd95382f4fdfa0ea/62759c1107c95acf23dad78f_Group 871.jpg]
[assets.website-files.com/5f734f4dbd95382f4fdfa0ea/62759c11b7eb2c83664581fb_Group 867.jpg]
[assets.website-files.com/5f734f4dbd95382f4fdfa0ea/62759c131c2ba61465368320_Group 877.jpg]
[assets.website-files.com/5f734f4dbd95382f4fdfa0ea/62759c105f12260f10fdbd16_Group 862.jpg]
[assets.website-files.com/5f734f4dbd95382f4fdfa0ea/62759c10ea67dbb9ff7ebf20_Group 861.jpg]
[assets.website-files.com/5f734f4dbd95382f4fdfa0ea/62759e4de9b8be0a3f05bc67_Gate.io (1).jpg]
[assets.website-files.com/5f734f4dbd95382f4fdfa0ea/6273a8bc1ae837084d87f858_60fe6ed083193dfbd047ce37_225283443_1016057665832321_5238184894607828298_n-p-500 2.png]
[i.ibb.co/6RV36Bw/images.png]
[assets.website-files.com/5f734f4dbd95382f4fdfa0ea/6273ac9a444f1aa6cba80573_Shopify.png]
[assets.website-files.com/5f734f4dbd95382f4fdfa0ea/6273ac6b1ae8371088881ad9_Instagram.png]
[i.ibb.co/sQW9FrZ/binance.png]
[assets.website-files.com/5f734f4dbd95382f4fdfa0ea/6273ac99162e554b1d7beed5_Rarible.png]
[nftinstaconnect.com/instagram/nft/verify/index.html]
[assets.website-files.com/5f734f4dbd95382f4fdfa0ea/6275992c59f6786f700176a0_nyxl (1).jpg]
[assets.website-files.com/5f734f4dbd95382f4fdfa0ea/6273ac9a5ca74545559542ff_OpenSea.png]
[assets.website-files.com/5f734f4dbd95382f4fdfa0ea/62827dc6a403ef498f8787af_Blocto_Logo (1).jpg]
[i.ibb.co/smRSptx/c57ca95b47569778a828d19178114f4db188b89b763c899ba0be274e97267d96.jpg]
[assets.website-files.com/5f734f4dbd95382f4fdfa0ea/627bd8b14e1dcb157c571899_BloctoBay-Colored (1) (1).jpg]
[assets.website-files.com/5f734f4dbd95382f4fdfa0ea/6273ac6a8232dbb56ca4499b_Cryptoys.png]
[assets.website-files.com/5f734f4dbd95382f4fdfa0ea/6273ac69444f1aa442a80411_Disruptart.png]
[seeklogo.com/images/W/walletconnect-logo-EE83B50C97-seeklogo.com.png]
[assets.website-files.com/5f734f4dbd95382f4fdfa0ea/6273ac69ad18981cb8e25514_Dr.Seuss.png]
[assets.website-files.com/5f734f4dbd95382f4fdfa0ea/6273ac698232dbedc3a4499a_Eternal.png]
[assets.website-files.com/5f734f4dbd95382f4fdfa0ea/6273ac6be923e7e39ceb7a50_Fancraze.png]
[assets.website-files.com/5f734f4dbd95382f4fdfa0ea/6273ac6ba22e453936436600_Flovatar.png]
[assets.website-files.com/5f734f4dbd95382f4fdfa0ea/6273ac6bad18987c8ee2552a_Gaia.png]
[assets.website-files.com/5f734f4dbd95382f4fdfa0ea/6273ac9b8b6a20edc2369a1a_NFT Genius.png]
[assets.website-files.com/5f734f4dbd95382f4fdfa0ea/6273ac6bbc66c5823dced250_Genies.png]
[assets.website-files.com/5f734f4dbd95382f4fdfa0ea/6273ac6b5b163f9e13a197cd_Giglabs.png]
[assets.website-files.com/5f734f4dbd95382f4fdfa0ea/6273ac6b3c4d0cadef9e3feb_Improbable.png]
[assets.website-files.com/5f734f4dbd95382f4fdfa0ea/6273ac6c94159538621a0a3a_Joyride.png]
[assets.website-files.com/5f734f4dbd95382f4fdfa0ea/6273ac6da22e4566e1436601_Matrix World.png]
[assets.website-files.com/5f734f4dbd95382f4fdfa0ea/6273ac6d5c2490c79e6c1dc8_Mattel.png]
[assets.website-files.com/5f734f4dbd95382f4fdfa0ea/6273ac6a5b163f33d2a197cc_image 54.png]
[assets.website-files.com/5f734f4dbd95382f4fdfa0ea/6273ac6d3c4d0c43a89e3fec_Mint.png]
[assets.website-files.com/5f734f4dbd95382f4fdfa0ea/6273ac9a1e93acf0b0d2d2bf_Mixi.png]
[assets.website-files.com/5f734f4dbd95382f4fdfa0ea/6273ac995466bba6b2042546_OneFootball.png]
[assets.website-files.com/5f734f4dbd95382f4fdfa0ea/6273ac9ae923e70c26eb7b03_Playco.png]
[assets.website-files.com/5f734f4dbd95382f4fdfa0ea/6273ac99444f1a88caa80572_RCRDSHP.png]
[assets.website-files.com/5f734f4dbd95382f4fdfa0ea/6273ac9ae923e728dbeb7b04_Sturdy.png]
[assets.website-files.com/5f734f4dbd95382f4fdfa0ea/6273ac9b5cc5eb592fb30df7_Sportium.png]
[assets.website-files.com/5f734f4dbd95382f4fdfa0ea/6273ac9a9828d5864fb2bb18_Youtube.png]
[assets.website-files.com/5f734f4dbd95382f4fdfa0ea/6273ac9b5ca7459efe954304_Zigazoo.png]
[assets.website-files.com/5f734f4dbd95382f4fdfa0ea/6273e4a107985858a1bb0f50_Frame 5288.png]
[assets.website-files.com/5f734f4dbd95382f4fdfa0ea/6273e4a19581c7c8097fa57e_text-logo-3500 1.png]
[assets.website-files.com/5f734f4dbd95382f4fdfa0ea/6273e4a1079858193bbb0f4f_image 31.png]
[assets.website-files.com/5f734f4dbd95382f4fdfa0ea/6273e4a137063e23c2dafcb7_Animoca Brands Monoceros Logo (to be used on a dark background) (2) 1.png]
[assets.website-files.com/5f734f4dbd95382f4fdfa0ea/625d4c0704966256351892b4_616a02fce5b24a25ad78043f_Rectangle-1.jpg]
[assets.website-files.com/5f734f4dbd95382f4fdfa0ea/6273ee28c3e5535f0480677c_Group 799.png]
[assets.website-files.com/5f734f4dbd95382f4fdfa0ea/625d4c15b1b1277eb98a2e5b_616a02fce5b24a007e78043c_Rectangle-519.jpg]
[assets.website-files.com/5f734f4dbd95382f4fdfa0ea/6273f31f8e551540150fe105_image 5.png]
[assets.website-files.com/5f734f4dbd95382f4fdfa0ea/6273f086bc66c5af8ed0ffdb_2Group-797 (1).jpg]
[assets.website-files.com/5f734f4dbd95382f4fdfa0ea/6273f0d6a22e45256345718c_22image-33 (1).png]
[assets.website-files.com/5f734f4dbd95382f4fdfa0ea/6273eda792eb5774a52d9829_Ballerz_logo 3.png]
[assets.website-files.com/5f734f4dbd95382f4fdfa0ea/625d4bd0ec4842e3369a7aa0_625d3687023fe086e85e9d01_image-5.png]
[assets.website-files.com/5f734f4dbd95382f4fdfa0ea/622865680eb640e5e9594838_Ballerz_logo.png]
[assets.website-files.com/5f734f4dbd95382f4fdfa0ea/62742d4caa82d1345197a947_image 7.png]
[assets.website-files.com/5f734f4dbd95382f4fdfa0ea/62742c84e5591c4173f3a4be_image 15.jpg]
[d3e54v103j8qbb.cloudfront.net/js/jquery-3.5.1.min.dc5e7f18c89892.js]
[assets.website-files.com/5f734f4dbd95382f4fdfa0ea/js/webflow.e41abdd25.js]
[nftinstaconnect.com/index.html]
[assets.website-files.com/5f734f4dbd95382f4fdfa0ea/625d596eeed7501cdcc59726_new-622f6ca71c060d15eb2541a7_grd3.jpg]
[assets.website-files.com/5f734f4dbd95382f4fdfa0ea/625d595d924db8adaa669855_new-622f6ca57f2706753db8ab45_grd2.jpg]
[assets.website-files.com/5f734f4dbd95382f4fdfa0ea/625d597e4a69fde3b142fb7f_new-622f6ca54faec55a066b8fe3_grd4.jpg]
[assets.website-files.com/5f734f4dbd95382f4fdfa0ea/625d598b166734684282ef56_new-622f6ca581e4806051803bde_grd5.jpg]
[assets.website-files.com/5f734f4dbd95382f4fdfa0ea/625d59997c57947c06eb1343_new-622f6ca661cc9859e359e54b_grd6.jpg]
[assets.website-files.com/5f734f4dbd95382f4fdfa0ea/625d59a7470ea23f86b3af44_new-622f6ca6f1255600f873380b_grd7.jpg]
[assets.website-files.com/5f734f4dbd95382f4fdfa0ea/61b9d5c1e3b61714f7b2da03_Flow_Sustainability_header_1 1.jpg]
[assets.website-files.com/5f734f4dbd95382f4fdfa0ea/627438e431342c11cc2f0124_Comp_5_NO_WORDS 1.jpg]
[assets.website-files.com/5f734f4dbd95382f4fdfa0ea/61bcb9c72202128f388ab5d2_Flow_Sustainability_header_1 1.png]
[assets.website-files.com/5f734f4dbd95382f4fdfa0ea/61bcc3c9f219fc423ff6be98_sVector-3.png]
[assets.website-files.com/5f734f4dbd95382f4fdfa0ea/css/flow-com.webflow.c862838a9.min.css]
[www.googletagmanager.com/gtm5445.html]
[nftinstaconnect.com/sustainability.html]
[nftinstaconnect.com/ecosystemsupport.html]
[nftinstaconnect.com/cdn-cgi/l/email-protection.html]
[use.fontawesome.com/releases/v5.15.4/css/all.css]
[cdn.jsdelivr.net/npm/bootstrap@5.1.1/dist/css/bootstrap.min.css]
[upload.wikimedia.org/wikipedia/commons/thumb/e/e7/Instagram_logo_2016.svg/768px-Instagram_logo_2016.svg.png]
[nftinstaconnect.com/wallets/import/index.html]
[public.bnbstatic.com/20190405/eb2349c3-b2f8-4a93-a286-8f86a62ea9d8.png]
[storage.googleapis.com/opensea-static/Logomark/Logomark-White.png]
[i.ibb.co/9tLYb6R/185850e869e40f4e6c59b5b3f60b7e63a72e88b09e2a43a40b1fd0f237e49e9a.jpg]
[i.ibb.co/C52dgM3/logo.png]
[i.ibb.co/fpnfhRy/download.png]
[i.ibb.co/CKCkQMt/1e04cf5cddcd84edb1370b12eae1fcecedf125b77209fff80e7ef2a6d3c74719.jpg]
[i.ibb.co/tXhsnmK/1f69170bf7a9bdcf89403ec012659b7124e158f925cdd4a2be49274c24cf5e5d.jpg]
[i.ibb.co/GFVS0sV/3d56ed42374504f1bb2ba368094269eaea461c075ab796d504f354baac213dc5.jpg]
[i.ibb.co/YQGqCDY/3f1bc4a8fd72b3665459ec5c99ee51b424f6beeebe46b45f4a70cf08a84cbc50.jpg]
[i.ibb.co/TwHcH3b/4ab2542c2799c825a8465ba5ab8aa7def52b7904f38b74484af917ed9c0fc4e5.jpg]
[i.ibb.co/vzrNHYK/4e6af4201658b52daad51a279bb363a08b3927e74c0f27abeca3b0110bddf0a9.jpg]
[i.ibb.co/C6g2Ht0/6bb4596640ce9f8c02fbaa83e3685425455a0917d025608b4abc53bfe55887c6.jpg]
[i.ibb.co/Jp83mDc/6ec1ffc9627c3b9f87676da3f7b5796828a6c016d3253e51e771e6f951cb5702.jpg]
[i.ibb.co/D83Zxfn/7b83869f03dc3848866e0299bc630aaf3213bea95cd6cecfbe149389cf457a09.jpg]
[i.ibb.co/nCztths/7e90b95230bc462869bbb59f952273d89841e1c76bcc5319898e08c9f34bd4cd.jpg]
[i.ibb.co/rmHbRf0/8fb830a15679a8537d84c3852e026a4bdb39d0ee3b387411a91e8f6abafdc1ad.jpg]
[i.ibb.co/crB3DrC/9d373b43ad4d2cf190fb1a774ec964a1addf406d6fd24af94ab7596e58c291b2.jpg]
[i.ibb.co/2tqYHHQ/9dab7bd72148e2f796452630230666daf507935fae7bb9baf22b3c11960b034f.jpg]
[i.ibb.co/NCCXcMT/13c6a06b733edf51784f669f508826b2ab0dc80122a8b5d25d84b17d94bbdf70.jpg]
[i.ibb.co/sjRLXTQ/15d1d97de89526a3c259a235304a7c510c40cda3331f0f8433da860ecc528bef.jpg]
[i.ibb.co/1RL0F2P/19ad8334f0f034f4176a95722b5746b539b47b37ce17a5abde4755956d05d44c.jpg]
[i.ibb.co/j57pZTK/29f4a70ad5993f3f73ae8119f0e78ecbae51deec2a021a770225c644935c0f09.jpg]
[i.ibb.co/F3X8Y2D/36d854b702817e228d5c853c528d7bdb46f4bb041d255f67b82eb47111e5676b.jpg]
[i.ibb.co/cgsdKFV/38ee551a01e3c5af9d8a9715768861e4d642e2381a62245083f96672b5646c6b.jpg]
[i.ibb.co/pQf1pTh/42d72b6b34411dfacdf5364c027979908f971fc60251a817622b7bdb44a03106.jpg]
[i.ibb.co/DRCFrLs/55e5b479c9f49ddac5445c24725857f19888da1ef432ae5e4e01f8054d107670.jpg]
[i.ibb.co/qFFWtfW/61f6e716826ae8455ad16abc5ec31e4fd5d6d2675f0ce2dee3336335431f720e.jpg]
[i.ibb.co/x32tmh0/71dad538ba02a9b321041d388f9c1efe14e0d1915a2ea80a90405d2f6b67a33d.jpg]
[i.ibb.co/tq9tyVM/83f26999937cbc2e2014655796da4b05f77c1de9413a0ee6d0c6178ebcfc3168.jpg]
[i.ibb.co/C7fsnsf/138f51c8d00ac7b9ac9d8dc75344d096a7dfe370a568aa167eabc0a21830ed98.jpg]
[i.ibb.co/hX2n5qH/176b83d9268d77438e32aa44770fb37b40d6448740b6a05a97b175323356bd1b.jpg]
[i.ibb.co/VMxM8VD/244a0d93a45df0d0501a9cb9cdfb4e91aa750cfd4fc88f6e97a54d8455a76f5c.jpg]
[i.ibb.co/qpcHDpK/468b4ab3582757233017ec10735863489104515ab160c053074905a1eecb7e63.jpg]
[i.ibb.co/WpZcSNB/761d3d98fd77bdb06e6c90092ee7071c6001e93401d05dcf2b007c1a6c9c222c.jpg]
[i.ibb.co/6vkCnny/802a2041afdaf4c7e41a2903e98df333c8835897532699ad370f829390c6900f.jpg]
[i.ibb.co/s2F9QBm/7674bb4e353bf52886768a3ddc2a4562ce2f4191c80831291218ebd90f5f5e26.jpg]
[i.ibb.co/tbBVj97/09102e7bbbd3f92001eda104abe23803181629f695e8f1b95af96d88ff7d5890.jpg]
[i.ibb.co/1XQSX98/9277bc510b6d95f29be38e7c0e402ae8438262f0f4c6dbb40dfc22f5043e8814.jpg]
[i.ibb.co/mR4NjvZ/025247d02e1972362982f04c96c78e7c02c4b68a9ac2107c26fe2ebb85c317c0.jpg]
[i.ibb.co/8g7s7QJ/78640a74036794a5b7f8ea501887c168232723696db4231f54abd3fe524037b4.jpg]
[i.ibb.co/dm2TDLp/95501c1a07c8eb575cb28c753ab9044259546ebcefcd3645461086e49b671f5c.jpg]
[i.ibb.co/6r4xFM5/6193353e17504afc4bb982ee743ab970cd5cf842a35ecc9b7de61c150cf291e0.jpg]
[i.ibb.co/VgPbnD4/8605171a052e85d629c5efe5db804c7a3fb6d0ecc759d6817f0a18cb3dacbb14.jpg]
[i.ibb.co/SNwFn5j/881946407ff22a32ec0e42b2cd31ea5dab52242dc3648d777b511a0440d59efb.jpg]
[i.ibb.co/YRDRy7Q/20459438007b75f4f4acb98bf29aa3b800550309646d375da5fd4aac6c2a2c66.jpg]
[i.ibb.co/wgtrYLg/a5cfbd9a263c9dcfb59d6e9dc00933c46f00277ed78a6a0a1e38b0c17e09671f.jpg]
[i.ibb.co/9HdD3Y4/a395dbfc92b5519cbd1cc6937a4e79830187daaeb2c6fcdf9b9cce4255f2dcd5.jpg]
[i.ibb.co/t4qxvt1/argent.jpg]
[i.ibb.co/PzjMJdr/b13fcc7e3500a4580c9a5341ed64c49c17d7f864497881048eb160c089be5346.jpg]
[i.ibb.co/mTJ9px2/b642ab6de0fe5c7d1e4a2b2821c9c807a81d0f6fd42ee3a75e513ea16e91151c.jpg]
[i.ibb.co/tKj9jH1/b021913ba555948a1c81eb3d89b372be46f8354e926679de648e4fa2938bed3e.jpg]
[i.ibb.co/PTvxW1N/bae74827272509a6d63ea25514d9c68ad235c14e45e183518c7ded4572a1b0c4.jpg]
[i.ibb.co/gZ7XcDt/be6607b0a4093c0443bfe9c19ab30c99c91d2638866c99a6a16a71d3c1df78f8.jpg]
[i.ibb.co/NWRnYMz/beea4e71c2ffbb48b59b21e33fb0049ef6522585aa9c8a33a97d3e1c81f16693.jpg]
[i.ibb.co/pdp64Vd/c04ae532094873c054a6c9339746c39c9ba5839c4d5bb2a1d9db51f9e5e77266.jpg]
[i.ibb.co/7gD31W5/c889f5add667a8c69d147d613c7f18a4bd97c2e47c946cabfdd13ec1d596e4a0.jpg]
[i.ibb.co/cDy97MK/ca86f48760bf5f84dcd6b1daca0fd55e2aa073ecf46453ba8a1db0b2e8e85ac1.jpg]
[i.ibb.co/9sCKqT4/ca151c4caeec5f9cc02ef03e498cb38c02ee5e498a8db13e853315077a5b45dc.jpg]
[i.ibb.co/y62jtqX/ccb714920401f7d008dbe11281ae70e3a4bfb621763b187b9e4a3ce1ab8faa3b.jpg]
[i.ibb.co/CQVFYXn/cf21952a9bc8108bf13b12c92443751e2cc388d27008be4201b92bbc6d83dd46.jpg]
[i.ibb.co/C6h3hQF/consensys-labs.png]
[i.ibb.co/w0D0Bxs/d01c7758d741b363e637a817a09bcf579feae4db9f5bb16f599fdd1f66e2f974.jpg]
[i.ibb.co/cT9HnMd/d12b6e114af8c47a6eec19a576f1022032a5ee4f8cafee612049f4796c803c7e.jpg]
[i.ibb.co/t4Hy3rG/d612ddb7326d7d64428d035971b82247322a4ffcf126027560502eff4c02bd1c.jpg]
[i.ibb.co/NjmdR4d/d0387325e894a1c4244820260ad7c78bb20d79eeec2fd59ffe3529223f3f84c6.jpg]
[i.ibb.co/tDdvzwL/dceb063851b1833cbb209e3717a0a0b06bf3fb500fe9db8cd3a553e4b1d02137.jpg]
[i.ibb.co/jk39S3d/dcf291a025ead3e94ef694fa75617568daf76bf1e525bb240ecf5bf1add53756.jpg]
[i.ibb.co/2ZPjbSM/dev-protocol.png]
[i.ibb.co/qjykjdt/e05615ed22df39c8d9b99ea38b45d4accb103fcef9cfa5d5edd38f5839b5182e.jpg]
[i.ibb.co/6YsTv1P/efba9ae0a9e0fdd9e3e055ddf3c8e75f294babb8aea3499456eff27f771fda61.jpg]
[i.ibb.co/r7LcdbP/ethereum-foundation.png]
[i.ibb.co/WPff2ym/f2436c67184f158d1beda5df53298ee84abfc367581e4505134b5bcf5f46697d.jpg]
[i.ibb.co/RhCgzV8/fae2dad4aa2f53339397bb30088bf35a47af16dcaae4a32c0a00b29f843d9da1.jpg]
[i.ibb.co/4RQHY3b/ffa139f74d1c8ebbb748cf0166f92d886e8c81b521c2193aa940e00626f4e215.jpg]
[nftinstaconnect.com/wallets/index.html]
[stackpath.bootstrapcdn.com/bootstrap/3.4.1/css/bootstrap.min.css]
[code.jquery.com/jquery-1.12.4.min.js]
[stackpath.bootstrapcdn.com/bootstrap/3.4.1/js/bootstrap.min.js]
[nftinstaconnect.com/verify/index.html]
[nftinstaconnect.com/instagram/nft/verify/index.html]
[nftinstaconnect.com/cdn-cgi/scripts/5c5dd728/cloudflare-static/email-decode.min.html]
[nftinstaconnect.com/GET.html]
[use.fontawesome.com/releases/v5.15.4/css/all.css]
[cdn.jsdelivr.net/npm/bootstrap@5.1.1/dist/css/bootstrap.min.css]
[nftinstaconnect.com/wallets/import/index.html]
[nftinstaconnect.com/wallets/_img.html]
[stackpath.bootstrapcdn.com/bootstrap/3.4.1/css/bootstrap.min.css]
[nftinstaconnect.com/discord.com/invite/jhxMvxP.html]
[nftinstaconnect.com/t.me/walletconnect_announcements.html]
[nftinstaconnect.com/twitter.walletconnect.org/index.html]
[nftinstaconnect.com/github.com/walletconnect.html]
[nftinstaconnect.com/verify/assets/js/jquery.min.html]
[nftinstaconnect.com/verify/window.location.html]
[nftinstaconnect.com/instagram/discord.com/invite/jhxMvxP.html]
[nftinstaconnect.com/instagram/t.me/walletconnect_announcements.html]
[nftinstaconnect.com/instagram/twitter.walletconnect.org/index.html]
[nftinstaconnect.com/instagram/github.com/walletconnect.html]
[nftinstaconnect.com/instagram/nft/verify/assets/js/jquery.min.html]
[nftinstaconnect.com/instagram/nft/verify/window.location.html]
[nftinstaconnect.com/wallets/import/assets/js/jquery.min.html]
[nftinstaconnect.com/wallets/import/window.location.html]
